<?xml version="1.0" encoding="UTF-8"?>
<!-- Generated by org.testng.reporters.JUnitXMLReporter -->
<testsuite ignored="0" hostname="DESKTOP-QI6H2EA" failures="0" tests="3" name="Test" time="12.152" errors="0" timestamp="2024-08-14T10:41:35 IST">
  <testcase classname="flipkart_test.Login_test" name="getTitle_flipkart" time="0.024"/>
  <testcase classname="flipkart_test.order_test" name="clickOnSearch" time="3.094"/>
  <testcase classname="flipkart_test.order_test" name="selectMobile" time="0.223"/>
</testsuite> <!-- Test -->
